# JRE version: OpenJDK Runtime Environment Temurin-17.0.7+7 (17.0.7+7) (build 17.0.7+7)
# Java VM: OpenJDK 64-Bit Server VM Temurin-17.0.7+7 (17.0.7+7, mixed mode, emulated-client, tiered, compressed oops, compressed class ptrs, g1 gc, windows-amd64)
GC Precious Log:
 CPUs: 8 total, 8 available
 Memory: 16106M
 Large Page Support: Disabled
 NUMA Support: Disabled
 Compressed Oops: Enabled (32-bit)
 Heap Region Size: 1M
 Heap Min Capacity: 8M
 Heap Initial Capacity: 252M
 Heap Max Capacity: 1G
 Pre-touch: Disabled
 Parallel Workers: 8
 Concurrent Workers: 2
 Concurrent Refinement Workers: 8
 Periodic GC: Disabled
Heap:
 garbage-first heap   total 137216K, used 48131K [0x00000000c0000000, 0x0000000100000000)
  region size 1024K, 1 young (1024K), 0 survivors (0K)
 Metaspace       used 69552K, committed 70080K, reserved 1114112K
  class space    used 9143K, committed 9408K, reserved 1048576K
GC Heap History (20 events):
Event: 12603.826 GC heap before
{Heap before GC invocations=1009 (full 861):
 garbage-first heap   total 137216K, used 48131K [0x00000000c0000000, 0x0000000100000000)
  region size 1024K, 1 young (1024K), 0 survivors (0K)
 Metaspace       used 69552K, committed 70080K, reserved 1114112K
  class space    used 9143K, committed 9408K, reserved 1048576K
}
Event: 12603.895 GC heap after
{Heap after GC invocations=1010 (full 862):
 garbage-first heap   total 137216K, used 48131K [0x00000000c0000000, 0x0000000100000000)
  region size 1024K, 0 young (0K), 0 survivors (0K)
 Metaspace       used 69552K, committed 70080K, reserved 1114112K
  class space    used 9143K, committed 9408K, reserved 1048576K
}
Event: 12616.729 GC heap before
{Heap before GC invocations=1010 (full 862):
 garbage-first heap   total 137216K, used 48131K [0x00000000c0000000, 0x0000000100000000)
  region size 1024K, 1 young (1024K), 0 survivors (0K)
 Metaspace       used 69552K, committed 70080K, reserved 1114112K
  class space    used 9143K, committed 9408K, reserved 1048576K
}
Event: 12616.810 GC heap after
{Heap after GC invocations=1011 (full 863):
 garbage-first heap   total 137216K, used 48131K [0x00000000c0000000, 0x0000000100000000)
  region size 1024K, 0 young (0K), 0 survivors (0K)
 Metaspace       used 69552K, committed 70080K, reserved 1114112K
  class space    used 9143K, committed 9408K, reserved 1048576K
}
Event: 12628.973 GC heap before
{Heap before GC invocations=1011 (full 863):
 garbage-first heap   total 137216K, used 48131K [0x00000000c0000000, 0x0000000100000000)
  region size 1024K, 1 young (1024K), 0 survivors (0K)
 Metaspace       used 69552K, committed 70080K, reserved 1114112K
  class space    used 9143K, committed 9408K, reserved 1048576K
}
Event: 12629.046 GC heap after
{Heap after GC invocations=1012 (full 864):
 garbage-first heap   total 137216K, used 48131K [0x00000000c0000000, 0x0000000100000000)
  region size 1024K, 0 young (0K), 0 survivors (0K)
 Metaspace       used 69552K, committed 70080K, reserved 1114112K
  class space    used 9143K, committed 9408K, reserved 1048576K
}
Event: 12641.028 GC heap before
{Heap before GC invocations=1012 (full 864):
 garbage-first heap   total 137216K, used 48131K [0x00000000c0000000, 0x0000000100000000)
  region size 1024K, 1 young (1024K), 0 survivors (0K)
 Metaspace       used 69552K, committed 70080K, reserved 1114112K
  class space    used 9143K, committed 9408K, reserved 1048576K
}
Event: 12641.096 GC heap after
{Heap after GC invocations=1013 (full 865):
 garbage-first heap   total 137216K, used 48131K [0x00000000c0000000, 0x0000000100000000)
  region size 1024K, 0 young (0K), 0 survivors (0K)
 Metaspace       used 69552K, committed 70080K, reserved 1114112K
  class space    used 9143K, committed 9408K, reserved 1048576K
}
Event: 12653.887 GC heap before
{Heap before GC invocations=1013 (full 865):
 garbage-first heap   total 137216K, used 48131K [0x00000000c0000000, 0x0000000100000000)
  region size 1024K, 1 young (1024K), 0 survivors (0K)
 Metaspace       used 69552K, committed 70080K, reserved 1114112K
  class space    used 9143K, committed 9408K, reserved 1048576K
}
Event: 12653.962 GC heap after
{Heap after GC invocations=1014 (full 866):
 garbage-first heap   total 137216K, used 48131K [0x00000000c0000000, 0x0000000100000000)
  region size 1024K, 0 young (0K), 0 survivors (0K)
 Metaspace       used 69552K, committed 70080K, reserved 1114112K
  class space    used 9143K, committed 9408K, reserved 1048576K
}
Event: 12665.698 GC heap before
{Heap before GC invocations=1014 (full 866):
 garbage-first heap   total 137216K, used 48131K [0x00000000c0000000, 0x0000000100000000)
  region size 1024K, 1 young (1024K), 0 survivors (0K)
 Metaspace       used 69552K, committed 70080K, reserved 1114112K
  class space    used 9143K, committed 9408K, reserved 1048576K
}
Event: 12665.770 GC heap after
{Heap after GC invocations=1015 (full 867):
 garbage-first heap   total 137216K, used 48131K [0x00000000c0000000, 0x0000000100000000)
  region size 1024K, 0 young (0K), 0 survivors (0K)
 Metaspace       used 69552K, committed 70080K, reserved 1114112K
  class space    used 9143K, committed 9408K, reserved 1048576K
}
Event: 12678.951 GC heap before
{Heap before GC invocations=1015 (full 867):
 garbage-first heap   total 137216K, used 48131K [0x00000000c0000000, 0x0000000100000000)
  region size 1024K, 1 young (1024K), 0 survivors (0K)
 Metaspace       used 69552K, committed 70080K, reserved 1114112K
  class space    used 9143K, committed 9408K, reserved 1048576K
}
Event: 12679.029 GC heap after
{Heap after GC invocations=1016 (full 868):
 garbage-first heap   total 137216K, used 48131K [0x00000000c0000000, 0x0000000100000000)
  region size 1024K, 0 young (0K), 0 survivors (0K)
 Metaspace       used 69552K, committed 70080K, reserved 1114112K
  class space    used 9143K, committed 9408K, reserved 1048576K
}
Event: 12691.468 GC heap before
{Heap before GC invocations=1016 (full 868):
 garbage-first heap   total 137216K, used 48131K [0x00000000c0000000, 0x0000000100000000)
  region size 1024K, 1 young (1024K), 0 survivors (0K)
 Metaspace       used 69552K, committed 70080K, reserved 1114112K
  class space    used 9143K, committed 9408K, reserved 1048576K
}
Event: 12691.538 GC heap after
{Heap after GC invocations=1017 (full 869):
 garbage-first heap   total 137216K, used 48131K [0x00000000c0000000, 0x0000000100000000)
  region size 1024K, 0 young (0K), 0 survivors (0K)
 Metaspace       used 69552K, committed 70080K, reserved 1114112K
  class space    used 9143K, committed 9408K, reserved 1048576K
}
Event: 12704.300 GC heap before
{Heap before GC invocations=1017 (full 869):
 garbage-first heap   total 137216K, used 48131K [0x00000000c0000000, 0x0000000100000000)
  region size 1024K, 1 young (1024K), 0 survivors (0K)
 Metaspace       used 69552K, committed 70080K, reserved 1114112K
  class space    used 9143K, committed 9408K, reserved 1048576K
}
Event: 12704.372 GC heap after
{Heap after GC invocations=1018 (full 870):
 garbage-first heap   total 137216K, used 48131K [0x00000000c0000000, 0x0000000100000000)
  region size 1024K, 0 young (0K), 0 survivors (0K)
 Metaspace       used 69552K, committed 70080K, reserved 1114112K
  class space    used 9143K, committed 9408K, reserved 1048576K
}
Event: 12716.707 GC heap before
{Heap before GC invocations=1018 (full 870):
 garbage-first heap   total 137216K, used 48131K [0x00000000c0000000, 0x0000000100000000)
  region size 1024K, 1 young (1024K), 0 survivors (0K)
 Metaspace       used 69552K, committed 70080K, reserved 1114112K
  class space    used 9143K, committed 9408K, reserved 1048576K
}
Event: 12716.787 GC heap after
{Heap after GC invocations=1019 (full 871):
 garbage-first heap   total 137216K, used 48131K [0x00000000c0000000, 0x0000000100000000)
  region size 1024K, 0 young (0K), 0 survivors (0K)
 Metaspace       used 69552K, committed 70080K, reserved 1114112K
  class space    used 9143K, committed 9408K, reserved 1048576K
}

